<?xml version="1.0" encoding="UTF-8"?>
<!-- Generated by org.testng.reporters.JUnitReportReporter -->
<testsuite skipped="0" hostname="admin-PC" name="com.test.TestCase.StoreMgmt.TestngMethods" tests="4" failures="0" timestamp="28 五月 2018 08:49:06 GMT" time="0.010" errors="0">
  <testcase name="getName" time="0.008" classname="com.test.TestCase.StoreMgmt.TestngMethods"/>
  <testcase name="saveMethod1" time="0.001" classname="com.test.TestCase.StoreMgmt.TestngMethods"/>
  <testcase name="saveMethod3" time="0.001" classname="com.test.TestCase.StoreMgmt.TestngMethods"/>
  <testcase name="saveMethod2" time="0.000" classname="com.test.TestCase.StoreMgmt.TestngMethods"/>
</testsuite> <!-- com.test.TestCase.StoreMgmt.TestngMethods -->
