<?xml version="1.0" encoding="UTF-8"?>
<!-- Generated by org.testng.reporters.JUnitReportReporter -->
<testsuite skipped="0" hostname="admin-PC" name="com.test.TestCase.StoreMgmt.TC_Renew2" tests="3" failures="0" timestamp="28 五月 2018 08:31:11 GMT" time="0.007" errors="0">
  <testcase name="renew1" time="0.006" classname="com.test.TestCase.StoreMgmt.TC_Renew2"/>
  <testcase name="renew2" time="0.001" classname="com.test.TestCase.StoreMgmt.TC_Renew2"/>
  <testcase name="renew3" time="0.000" classname="com.test.TestCase.StoreMgmt.TC_Renew2"/>
</testsuite> <!-- com.test.TestCase.StoreMgmt.TC_Renew2 -->
