<?xml version="1.0" encoding="UTF-8"?>
<!-- Generated by org.testng.reporters.JUnitReportReporter -->
<testsuite skipped="0" hostname="admin-PC" name="com.test.TestCase.LoginLogout.TC_Login" tests="1" failures="0" timestamp="04 六月 2018 02:03:14 GMT" time="3.906" errors="0">
  <testcase name="loginSuccessfully" time="3.906" classname="com.test.TestCase.LoginLogout.TC_Login"/>
</testsuite> <!-- com.test.TestCase.LoginLogout.TC_Login -->
